# JRE version: Java(TM) SE Runtime Environment (8.0_321-b07) (build 1.8.0_321-b07)
# Java VM: Java HotSpot(TM) Client VM (25.321-b07 mixed mode, sharing windows-x86 )
Heap:
 def new generation   total 4928K, used 2879K [0x04800000, 0x04d50000, 0x09d50000)
  eden space 4416K,  53% used [0x04800000, 0x04a4fd90, 0x04c50000)
  from space 512K, 100% used [0x04cd0000, 0x04d50000, 0x04d50000)
  to   space 512K,   0% used [0x04c50000, 0x04c50000, 0x04cd0000)
 tenured generation   total 10944K, used 6030K [0x09d50000, 0x0a800000, 0x14800000)
   the space 10944K,  55% used [0x09d50000, 0x0a333858, 0x0a333a00, 0x0a800000)
 Metaspace       used 7635K, capacity 9275K, committed 9344K, reserved 9600K
GC Heap History (10 events):
Event: 0.911 GC heap before
{Heap before GC invocations=4 (full 0):
 def new generation   total 4928K, used 4928K [0x04800000, 0x04d50000, 0x09d50000)
  eden space 4416K, 100% used [0x04800000, 0x04c50000, 0x04c50000)
  from space 512K, 100% used [0x04c50000, 0x04cd0000, 0x04cd0000)
  to   space 512K,   0% used [0x04cd0000, 0x04cd0000, 0x04d50000)
 tenured generation   total 10944K, used 2625K [0x09d50000, 0x0a800000, 0x14800000)
   the space 10944K,  23% used [0x09d50000, 0x09fe05b0, 0x09fe0600, 0x0a800000)
 Metaspace       used 5200K, capacity 6733K, committed 6784K, reserved 7552K
Event: 0.914 GC heap after
Heap after GC invocations=5 (full 0):
 def new generation   total 4928K, used 512K [0x04800000, 0x04d50000, 0x09d50000)
  eden space 4416K,   0% used [0x04800000, 0x04800000, 0x04c50000)
  from space 512K, 100% used [0x04cd0000, 0x04d50000, 0x04d50000)
  to   space 512K,   0% used [0x04c50000, 0x04c50000, 0x04cd0000)
 tenured generation   total 10944K, used 3263K [0x09d50000, 0x0a800000, 0x14800000)
   the space 10944K,  29% used [0x09d50000, 0x0a07fc70, 0x0a07fe00, 0x0a800000)
 Metaspace       used 5200K, capacity 6733K, committed 6784K, reserved 7552K
}
Event: 1.130 GC heap before
{Heap before GC invocations=5 (full 0):
 def new generation   total 4928K, used 4928K [0x04800000, 0x04d50000, 0x09d50000)
  eden space 4416K, 100% used [0x04800000, 0x04c50000, 0x04c50000)
  from space 512K, 100% used [0x04cd0000, 0x04d50000, 0x04d50000)
  to   space 512K,   0% used [0x04c50000, 0x04c50000, 0x04cd0000)
 tenured generation   total 10944K, used 3263K [0x09d50000, 0x0a800000, 0x14800000)
   the space 10944K,  29% used [0x09d50000, 0x0a07fc70, 0x0a07fe00, 0x0a800000)
 Metaspace       used 6188K, capacity 7836K, committed 7936K, reserved 8576K
Event: 1.134 GC heap after
Heap after GC invocations=6 (full 0):
 def new generation   total 4928K, used 354K [0x04800000, 0x04d50000, 0x09d50000)
  eden space 4416K,   0% used [0x04800000, 0x04800000, 0x04c50000)
  from space 512K,  69% used [0x04c50000, 0x04ca8a10, 0x04cd0000)
  to   space 512K,   0% used [0x04cd0000, 0x04cd0000, 0x04d50000)
 tenured generation   total 10944K, used 3732K [0x09d50000, 0x0a800000, 0x14800000)
   the space 10944K,  34% used [0x09d50000, 0x0a0f5328, 0x0a0f5400, 0x0a800000)
 Metaspace       used 6188K, capacity 7836K, committed 7936K, reserved 8576K
}
Event: 1.304 GC heap before
{Heap before GC invocations=6 (full 0):
 def new generation   total 4928K, used 4770K [0x04800000, 0x04d50000, 0x09d50000)
  eden space 4416K, 100% used [0x04800000, 0x04c50000, 0x04c50000)
  from space 512K,  69% used [0x04c50000, 0x04ca8a10, 0x04cd0000)
  to   space 512K,   0% used [0x04cd0000, 0x04cd0000, 0x04d50000)
 tenured generation   total 10944K, used 3732K [0x09d50000, 0x0a800000, 0x14800000)
   the space 10944K,  34% used [0x09d50000, 0x0a0f5328, 0x0a0f5400, 0x0a800000)
 Metaspace       used 7216K, capacity 8877K, committed 8960K, reserved 9600K
Event: 1.309 GC heap after
Heap after GC invocations=7 (full 0):
 def new generation   total 4928K, used 509K [0x04800000, 0x04d50000, 0x09d50000)
  eden space 4416K,   0% used [0x04800000, 0x04800000, 0x04c50000)
  from space 512K,  99% used [0x04cd0000, 0x04d4f630, 0x04d50000)
  to   space 512K,   0% used [0x04c50000, 0x04c50000, 0x04cd0000)
 tenured generation   total 10944K, used 4058K [0x09d50000, 0x0a800000, 0x14800000)
   the space 10944K,  37% used [0x09d50000, 0x0a1468b0, 0x0a146a00, 0x0a800000)
 Metaspace       used 7216K, capacity 8877K, committed 8960K, reserved 9600K
}
Event: 2.438 GC heap before
{Heap before GC invocations=7 (full 0):
 def new generation   total 4928K, used 4925K [0x04800000, 0x04d50000, 0x09d50000)
  eden space 4416K, 100% used [0x04800000, 0x04c50000, 0x04c50000)
  from space 512K,  99% used [0x04cd0000, 0x04d4f630, 0x04d50000)
  to   space 512K,   0% used [0x04c50000, 0x04c50000, 0x04cd0000)
 tenured generation   total 10944K, used 4058K [0x09d50000, 0x0a800000, 0x14800000)
   the space 10944K,  37% used [0x09d50000, 0x0a1468b0, 0x0a146a00, 0x0a800000)
 Metaspace       used 7499K, capacity 9158K, committed 9216K, reserved 9600K
Event: 2.443 GC heap after
Heap after GC invocations=8 (full 0):
 def new generation   total 4928K, used 512K [0x04800000, 0x04d50000, 0x09d50000)
  eden space 4416K,   0% used [0x04800000, 0x04800000, 0x04c50000)
  from space 512K, 100% used [0x04c50000, 0x04cd0000, 0x04cd0000)
  to   space 512K,   0% used [0x04cd0000, 0x04cd0000, 0x04d50000)
 tenured generation   total 10944K, used 5568K [0x09d50000, 0x0a800000, 0x14800000)
   the space 10944K,  50% used [0x09d50000, 0x0a2c02b0, 0x0a2c0400, 0x0a800000)
 Metaspace       used 7499K, capacity 9158K, committed 9216K, reserved 9600K
}
Event: 2.555 GC heap before
{Heap before GC invocations=8 (full 0):
 def new generation   total 4928K, used 4396K [0x04800000, 0x04d50000, 0x09d50000)
  eden space 4416K,  87% used [0x04800000, 0x04bcb2c0, 0x04c50000)
  from space 512K, 100% used [0x04c50000, 0x04cd0000, 0x04cd0000)
  to   space 512K,   0% used [0x04cd0000, 0x04cd0000, 0x04d50000)
 tenured generation   total 10944K, used 5568K [0x09d50000, 0x0a800000, 0x14800000)
   the space 10944K,  50% used [0x09d50000, 0x0a2c02b0, 0x0a2c0400, 0x0a800000)
 Metaspace       used 7631K, capacity 9275K, committed 9344K, reserved 9600K
Event: 2.559 GC heap after
Heap after GC invocations=9 (full 0):
 def new generation   total 4928K, used 512K [0x04800000, 0x04d50000, 0x09d50000)
  eden space 4416K,   0% used [0x04800000, 0x04800000, 0x04c50000)
  from space 512K, 100% used [0x04cd0000, 0x04d50000, 0x04d50000)
  to   space 512K,   0% used [0x04c50000, 0x04c50000, 0x04cd0000)
 tenured generation   total 10944K, used 6030K [0x09d50000, 0x0a800000, 0x14800000)
   the space 10944K,  55% used [0x09d50000, 0x0a333858, 0x0a333a00, 0x0a800000)
 Metaspace       used 7631K, capacity 9275K, committed 9344K, reserved 9600K
}

